<?xml version="1.0" encoding="UTF-8"?>
<testsuite name="com.indra.runners.AdvantageonlineshoppingRunners" tests="0" skipped="0" failures="0" errors="0" timestamp="1970-01-01T00:00:00" hostname="22LAP5CD1346NJJ" time="0.0">
  <properties/>
  <system-out><![CDATA[21:31:50.204 [Test worker] DEBUG net.thucydides.core.util.PropertiesFileLocalPreferences - LOADING LOCAL PROPERTIES FROM C:\Users\SoporteTI\Desktop\ENTREGAS\HU_3\serenity.properties 
21:31:50.426 [Test worker] DEBUG net.thucydides.core.util.PropertiesFileLocalPreferences - LOADING LOCAL PROPERTIES FROM C:\Users\SoporteTI\Desktop\ENTREGAS\HU_3\serenity.properties 
21:31:50.426 [Test worker] DEBUG net.thucydides.core.util.PropertiesFileLocalPreferences - LOADING LOCAL PROPERTIES FROM C:\Users\SoporteTI\Desktop\ENTREGAS\HU_3\serenity.properties 
21:31:50.464 [Test worker] DEBUG net.thucydides.core.util.PropertiesFileLocalPreferences - webdriver.driver=chrome
21:31:50.464 [Test worker] DEBUG net.thucydides.core.util.PropertiesFileLocalPreferences - chrome.capabilities.incognito=true
21:31:50.464 [Test worker] DEBUG net.thucydides.core.util.PropertiesFileLocalPreferences - webdriver.chrome.driver=src/test/resources/drivers/chromedriver.exe
21:31:50.464 [Test worker] DEBUG net.thucydides.core.util.PropertiesFileLocalPreferences - chrome.capabilities.acceptSslCerts=true
21:31:50.464 [Test worker] DEBUG net.thucydides.core.util.PropertiesFileLocalPreferences - serenity.console.colors=true
21:31:50.464 [Test worker] DEBUG net.thucydides.core.util.PropertiesFileLocalPreferences - webdriver.base.url=https://advantageonlineshopping.com/#/
21:31:50.464 [Test worker] DEBUG net.thucydides.core.util.PropertiesFileLocalPreferences - serenity.project.name=Dojo Serenity / Cucumber
21:31:50.464 [Test worker] DEBUG net.thucydides.core.util.PropertiesFileLocalPreferences - webdriver.wait.for.timeout=6000
21:31:50.464 [Test worker] DEBUG net.thucydides.core.util.PropertiesFileLocalPreferences - serenity.use.unique.browser=true
21:31:50.464 [Test worker] DEBUG net.thucydides.core.util.PropertiesFileLocalPreferences - webdriver.timeouts.implicitlywait=20000
21:31:50.464 [Test worker] DEBUG net.thucydides.core.util.PropertiesFileLocalPreferences - serenity.browser.maximized=true
21:31:51.054 [Test worker] DEBUG net.thucydides.core.util.PropertiesFileLocalPreferences - LOADING LOCAL PROPERTIES FROM C:\Users\SoporteTI\Desktop\ENTREGAS\HU_3\serenity.properties 
21:31:51.242 [Test worker] DEBUG net.thucydides.core.util.PropertiesFileLocalPreferences - LOADING LOCAL PROPERTIES FROM C:\Users\SoporteTI\Desktop\ENTREGAS\HU_3\serenity.properties 
21:31:51.253 [Test worker] DEBUG net.thucydides.core.util.PropertiesFileLocalPreferences - LOADING LOCAL PROPERTIES FROM C:\Users\SoporteTI\Desktop\ENTREGAS\HU_3\serenity.properties 
21:31:51.257 [Test worker] DEBUG net.thucydides.core.util.PropertiesFileLocalPreferences - webdriver.driver=chrome
21:31:51.257 [Test worker] DEBUG net.thucydides.core.util.PropertiesFileLocalPreferences - chrome.capabilities.incognito=true
21:31:51.257 [Test worker] DEBUG net.thucydides.core.util.PropertiesFileLocalPreferences - webdriver.chrome.driver=src/test/resources/drivers/chromedriver.exe
21:31:51.257 [Test worker] DEBUG net.thucydides.core.util.PropertiesFileLocalPreferences - chrome.capabilities.acceptSslCerts=true
21:31:51.257 [Test worker] DEBUG net.thucydides.core.util.PropertiesFileLocalPreferences - serenity.console.colors=true
21:31:51.257 [Test worker] DEBUG net.thucydides.core.util.PropertiesFileLocalPreferences - webdriver.base.url=https://advantageonlineshopping.com/#/
21:31:51.257 [Test worker] DEBUG net.thucydides.core.util.PropertiesFileLocalPreferences - serenity.project.name=Dojo Serenity / Cucumber
21:31:51.257 [Test worker] DEBUG net.thucydides.core.util.PropertiesFileLocalPreferences - webdriver.wait.for.timeout=6000
21:31:51.257 [Test worker] DEBUG net.thucydides.core.util.PropertiesFileLocalPreferences - serenity.use.unique.browser=true
21:31:51.257 [Test worker] DEBUG net.thucydides.core.util.PropertiesFileLocalPreferences - webdriver.timeouts.implicitlywait=20000
21:31:51.257 [Test worker] DEBUG net.thucydides.core.util.PropertiesFileLocalPreferences - serenity.browser.maximized=true
21:31:51.265 [Test worker] INFO net.thucydides.core.steps.ConsoleLoggingListener - ?[96m

-------------------------------------------------------------------------------------
     _______. _______ .______       _______ .__   __.  __  .___________.____    ____ 
    /       ||   ____||   _  \     |   ____||  \ |  | |  | |           |\   \  /   / 
   |   (----`|  |__   |  |_)  |    |  |__   |   \|  | |  | `---|  |----` \   \/   /  
    \   \    |   __|  |      /     |   __|  |  . `  | |  |     |  |       \_    _/   
.----)   |   |  |____ |  |\  \----.|  |____ |  |\   | |  |     |  |         |  |     
|_______/    |_______|| _| `._____||_______||__| \__| |__|     |__|         |__|    
                                                                                     
 News and tutorials at http://www.serenity-bdd.info                                  
 Documentation at https://wakaleo.gitbooks.io/the-serenity-book/content/             
 Join the Serenity Community on Rocket Chat at https://serenity-bdd.rocket.chat      
 Serenity BDD Support and Training at http://serenity-bdd.info/#/trainingandsupport  
 Learn Serenity BDD online at http://serenity-dojo.com                               
-------------------------------------------------------------------------------------
?[0m
21:31:51.265 [Test worker] DEBUG net.thucydides.core.steps.StepEventBus - Test suite started for story net.thucydides.core.model.Story@a8b4ebaa
21:31:51.281 [Test worker] INFO net.thucydides.core.steps.ConsoleLoggingListener - Test Suite Started: Ver al menos tres redes sociales
21:31:51.365 [Test worker] INFO net.thucydides.core.steps.ConsoleLoggingListener - 
 _____ _____ ____ _____   ____ _____  _    ____ _____ _____ ____  
|_   _| ____/ ___|_   _| / ___|_   _|/ \  |  _ \_   _| ____|  _ \ 
  | | |  _| \___ \ | |   \___ \ | | / _ \ | |_) || | |  _| | | | |
  | | | |___ ___) || |    ___) || |/ ___ \|  _ < | | | |___| |_| |
  |_| |_____|____/ |_|   |____/ |_/_/   \_\_| \_\|_| |_____|____/ 
                                                                  

TEST STARTED: el usuario deberia  poder ver en la parte inferior de la pagina al menos tres redes sociales
-------------------------------------------------------------------(ver-al-menos-tres-redes-sociales;el-usuario-deberia--poder-ver-en-la-parte-inferior-de-la-pagina-al-menos-tres-redes-sociales)
21:32:14.719 [Test worker] DEBUG net.thucydides.core.reports.ReportService - Reporting formats: [JSON, HTML]
21:32:14.834 [Test worker] DEBUG net.thucydides.core.reports.ReportService - Reporting formats: [JSON, HTML]
21:32:14.834 [Test worker] DEBUG net.thucydides.core.reports.ReportService - Generating reports for 1 test outcomes using: net.thucydides.core.reports.json.JSONTestOutcomeReporter@48a9ee68
21:32:14.850 [pool-1-thread-1] DEBUG net.thucydides.core.reports.ReportService - Processing test outcome Ver al menos tres redes sociales:el usuario deberia  poder ver en la parte inferior de la pagina al menos tres redes sociales
21:32:14.850 [pool-1-thread-1] DEBUG net.thucydides.core.reports.ReportService - net.thucydides.core.reports.json.JSONTestOutcomeReporter@48a9ee68: Generating report for test outcome: Ver al menos tres redes sociales:el usuario deberia  poder ver en la parte inferior de la pagina al menos tres redes sociales
21:32:14.864 [pool-1-thread-1] DEBUG net.thucydides.core.reports.json.JSONTestOutcomeReporter - Generating JSON report for el usuario deberia  poder ver en la parte inferior de la pagina al menos tres redes sociales to file C:\Users\SoporteTI\Desktop\ENTREGAS\HU_3\target\site\serenity\41bddf5585d1e375c372c55e1b1e493b5109eec442bf52a33f358ea32eb8eb40.json (using temp file C:\Users\SoporteTI\Desktop\ENTREGAS\HU_3\target\site\serenity\41bddf5585d1e375c372c55e1b1e493b5109eec442bf52a33f358ea32eb8eb40.json140a5e1e-e681-4458-be58-2b856a82f7d5)
21:32:15.021 [pool-1-thread-1] DEBUG net.thucydides.core.reports.ReportService - Processing test outcome Ver al menos tres redes sociales:el usuario deberia  poder ver en la parte inferior de la pagina al menos tres redes sociales done
21:32:15.021 [Test worker] DEBUG net.thucydides.core.reports.ReportService - Shutting down executor service
21:32:15.021 [Test worker] DEBUG net.thucydides.core.reports.ReportService - Reports generated in: 171 ms
21:32:15.021 [Test worker] DEBUG net.thucydides.core.reports.ReportService - Generating reports for 1 test outcomes using: net.thucydides.core.reports.html.HtmlAcceptanceTestReporter@5a3ae77c
21:32:15.021 [pool-2-thread-1] DEBUG net.thucydides.core.reports.ReportService - Processing test outcome Ver al menos tres redes sociales:el usuario deberia  poder ver en la parte inferior de la pagina al menos tres redes sociales
21:32:15.021 [pool-2-thread-1] DEBUG net.thucydides.core.reports.ReportService - net.thucydides.core.reports.html.HtmlAcceptanceTestReporter@5a3ae77c: Generating report for test outcome: Ver al menos tres redes sociales:el usuario deberia  poder ver en la parte inferior de la pagina al menos tres redes sociales
21:32:15.021 [pool-2-thread-1] DEBUG net.thucydides.core.reports.html.HtmlAcceptanceTestReporter - GENERATE TEST OUTCOME REPORT FOR el usuario deberia  poder ver en la parte inferior de la pagina al menos tres redes sociales in 41bddf5585d1e375c372c55e1b1e493b5109eec442bf52a33f358ea32eb8eb40
21:32:15.037 [pool-2-thread-1] DEBUG net.thucydides.core.requirements.RequirementsTagProvider -  found:[]
21:32:15.054 [pool-2-thread-1] DEBUG net.thucydides.core.requirements.RequirementsTagProvider -  found:[]
21:32:15.118 [pool-2-thread-1] DEBUG net.thucydides.core.requirements.RequirementsTagProvider -  found:[]
21:32:15.118 [pool-2-thread-1] DEBUG net.thucydides.core.requirements.RequirementsTagProvider -  found:[]
21:32:15.403 [pool-2-thread-1] DEBUG net.thucydides.core.reports.html.HtmlAcceptanceTestReporter - Generating report in 41bddf5585d1e375c372c55e1b1e493b5109eec442bf52a33f358ea32eb8eb40_screenshots.html
21:32:16.013 [pool-2-thread-1] DEBUG net.thucydides.core.reports.html.HtmlAcceptanceTestReporter - Generated report 41bddf5585d1e375c372c55e1b1e493b5109eec442bf52a33f358ea32eb8eb40_screenshots.html in 610 ms
21:32:16.015 [pool-2-thread-1] DEBUG net.thucydides.core.reports.html.HtmlAcceptanceTestReporter - GENERATING HTML REPORT FOR Ver al menos tres redes sociales:el usuario deberia  poder ver en la parte inferior de la pagina al menos tres redes sociales in 41bddf5585d1e375c372c55e1b1e493b5109eec442bf52a33f358ea32eb8eb40.html in directory C:\Users\SoporteTI\Desktop\ENTREGAS\HU_3\target\site\serenity  
21:32:16.015 [pool-2-thread-1] DEBUG net.thucydides.core.reports.html.HtmlAcceptanceTestReporter - Generating report in 41bddf5585d1e375c372c55e1b1e493b5109eec442bf52a33f358ea32eb8eb40.html
21:32:16.093 [pool-2-thread-1] DEBUG net.thucydides.core.requirements.RequirementsTagProvider -  found:[]
21:32:16.093 [pool-2-thread-1] DEBUG net.thucydides.core.requirements.RequirementsTagProvider -  found:[]
21:32:16.220 [pool-2-thread-1] DEBUG net.thucydides.core.reports.html.HtmlAcceptanceTestReporter - Generated report 41bddf5585d1e375c372c55e1b1e493b5109eec442bf52a33f358ea32eb8eb40.html in 205 ms
21:32:16.220 [pool-2-thread-1] DEBUG net.thucydides.core.reports.ReportService - Processing test outcome Ver al menos tres redes sociales:el usuario deberia  poder ver en la parte inferior de la pagina al menos tres redes sociales done
21:32:16.220 [Test worker] DEBUG net.thucydides.core.reports.ReportService - Shutting down executor service
21:32:16.220 [Test worker] DEBUG net.thucydides.core.reports.ReportService - Reports generated in: 1199 ms
21:32:16.538 [Test worker] DEBUG net.serenitybdd.core.photography.Darkroom - Closing darkroom
21:32:16.538 [Darkroom Processing Line] DEBUG net.serenitybdd.core.photography.DarkroomProcessingLine - Darkroom processing line shutting down

1 Scenarios (?[32m1 passed?[0m)
3 Steps (?[32m3 passed?[0m)
0m23,889s

]]></system-out>
  <system-err><![CDATA[]]></system-err>
</testsuite>
